# JRE version: OpenJDK Runtime Environment (8.0_202-b03) (build 1.8.0_202-release-1483-b03)
# Java VM: OpenJDK 64-Bit Server VM (25.202-b03 mixed mode windows-amd64 compressed oops)
Heap:
 PSYoungGen      total 173568K, used 142767K [0x00000000e0000000, 0x00000000eef80000, 0x0000000100000000)
  eden space 154624K, 92% used [0x00000000e0000000,0x00000000e8b6bd80,0x00000000e9700000)
  from space 18944K, 0% used [0x00000000e9700000,0x00000000e9700000,0x00000000ea980000)
  to   space 19968K, 0% used [0x00000000edc00000,0x00000000edc00000,0x00000000eef80000)
 ParOldGen       total 221184K, used 30537K [0x00000000a0000000, 0x00000000ad800000, 0x00000000e0000000)
  object space 221184K, 13% used [0x00000000a0000000,0x00000000a1dd2468,0x00000000ad800000)
 Metaspace       used 63840K, capacity 65774K, committed 65880K, reserved 1105920K
  class space    used 8336K, capacity 8780K, committed 8832K, reserved 1048576K
GC Heap History (10 events):
Event: 14.142 GC heap before
{Heap before GC invocations=8 (full 2):
 PSYoungGen      total 124928K, used 11079K [0x00000000e0000000, 0x00000000e8780000, 0x0000000100000000)
  eden space 112640K, 0% used [0x00000000e0000000,0x00000000e0000000,0x00000000e6e00000)
  from space 12288K, 90% used [0x00000000e7a80000,0x00000000e8551eb0,0x00000000e8680000)
  to   space 12800K, 0% used [0x00000000e6e00000,0x00000000e6e00000,0x00000000e7a80000)
 ParOldGen       total 98816K, used 11053K [0x00000000a0000000, 0x00000000a6080000, 0x00000000e0000000)
  object space 98816K, 11% used [0x00000000a0000000,0x00000000a0acb568,0x00000000a6080000)
 Metaspace       used 34566K, capacity 35276K, committed 35416K, reserved 1079296K
  class space    used 4739K, capacity 4965K, committed 4992K, reserved 1048576K
Event: 14.239 GC heap after
Heap after GC invocations=8 (full 2):
 PSYoungGen      total 124928K, used 0K [0x00000000e0000000, 0x00000000e8780000, 0x0000000100000000)
  eden space 112640K, 0% used [0x00000000e0000000,0x00000000e0000000,0x00000000e6e00000)
  from space 12288K, 0% used [0x00000000e7a80000,0x00000000e7a80000,0x00000000e8680000)
  to   space 12800K, 0% used [0x00000000e6e00000,0x00000000e6e00000,0x00000000e7a80000)
 ParOldGen       total 157696K, used 18409K [0x00000000a0000000, 0x00000000a9a00000, 0x00000000e0000000)
  object space 157696K, 11% used [0x00000000a0000000,0x00000000a11fa570,0x00000000a9a00000)
 Metaspace       used 34566K, capacity 35276K, committed 35416K, reserved 1079296K
  class space    used 4739K, capacity 4965K, committed 4992K, reserved 1048576K
}
Event: 16.527 GC heap before
{Heap before GC invocations=9 (full 2):
 PSYoungGen      total 124928K, used 112640K [0x00000000e0000000, 0x00000000e8780000, 0x0000000100000000)
  eden space 112640K, 100% used [0x00000000e0000000,0x00000000e6e00000,0x00000000e6e00000)
  from space 12288K, 0% used [0x00000000e7a80000,0x00000000e7a80000,0x00000000e8680000)
  to   space 12800K, 0% used [0x00000000e6e00000,0x00000000e6e00000,0x00000000e7a80000)
 ParOldGen       total 157696K, used 18409K [0x00000000a0000000, 0x00000000a9a00000, 0x00000000e0000000)
  object space 157696K, 11% used [0x00000000a0000000,0x00000000a11fa570,0x00000000a9a00000)
 Metaspace       used 45811K, capacity 46720K, committed 47064K, reserved 1089536K
  class space    used 6128K, capacity 6384K, committed 6400K, reserved 1048576K
Event: 16.551 GC heap after
Heap after GC invocations=9 (full 2):
 PSYoungGen      total 125440K, used 12782K [0x00000000e0000000, 0x00000000eb880000, 0x0000000100000000)
  eden space 112640K, 0% used [0x00000000e0000000,0x00000000e0000000,0x00000000e6e00000)
  from space 12800K, 99% used [0x00000000e6e00000,0x00000000e7a7b9a0,0x00000000e7a80000)
  to   space 15360K, 0% used [0x00000000ea980000,0x00000000ea980000,0x00000000eb880000)
 ParOldGen       total 157696K, used 20422K [0x00000000a0000000, 0x00000000a9a00000, 0x00000000e0000000)
  object space 157696K, 12% used [0x00000000a0000000,0x00000000a13f1bb8,0x00000000a9a00000)
 Metaspace       used 45811K, capacity 46720K, committed 47064K, reserved 1089536K
  class space    used 6128K, capacity 6384K, committed 6400K, reserved 1048576K
}
Event: 18.509 GC heap before
{Heap before GC invocations=10 (full 2):
 PSYoungGen      total 125440K, used 125422K [0x00000000e0000000, 0x00000000eb880000, 0x0000000100000000)
  eden space 112640K, 100% used [0x00000000e0000000,0x00000000e6e00000,0x00000000e6e00000)
  from space 12800K, 99% used [0x00000000e6e00000,0x00000000e7a7b9a0,0x00000000e7a80000)
  to   space 15360K, 0% used [0x00000000ea980000,0x00000000ea980000,0x00000000eb880000)
 ParOldGen       total 157696K, used 20422K [0x00000000a0000000, 0x00000000a9a00000, 0x00000000e0000000)
  object space 157696K, 12% used [0x00000000a0000000,0x00000000a13f1bb8,0x00000000a9a00000)
 Metaspace       used 54868K, capacity 56316K, committed 56664K, reserved 1097728K
  class space    used 7355K, capacity 7727K, committed 7808K, reserved 1048576K
Event: 18.550 GC heap after
Heap after GC invocations=10 (full 2):
 PSYoungGen      total 169984K, used 15352K [0x00000000e0000000, 0x00000000ec500000, 0x0000000100000000)
  eden space 154624K, 0% used [0x00000000e0000000,0x00000000e0000000,0x00000000e9700000)
  from space 15360K, 99% used [0x00000000ea980000,0x00000000eb87e3e0,0x00000000eb880000)
  to   space 18944K, 0% used [0x00000000e9700000,0x00000000e9700000,0x00000000ea980000)
 ParOldGen       total 157696K, used 24730K [0x00000000a0000000, 0x00000000a9a00000, 0x00000000e0000000)
  object space 157696K, 15% used [0x00000000a0000000,0x00000000a1826930,0x00000000a9a00000)
 Metaspace       used 54868K, capacity 56316K, committed 56664K, reserved 1097728K
  class space    used 7355K, capacity 7727K, committed 7808K, reserved 1048576K
}
Event: 19.279 GC heap before
{Heap before GC invocations=11 (full 2):
 PSYoungGen      total 169984K, used 57269K [0x00000000e0000000, 0x00000000ec500000, 0x0000000100000000)
  eden space 154624K, 27% used [0x00000000e0000000,0x00000000e28ef348,0x00000000e9700000)
  from space 15360K, 99% used [0x00000000ea980000,0x00000000eb87e3e0,0x00000000eb880000)
  to   space 18944K, 0% used [0x00000000e9700000,0x00000000e9700000,0x00000000ea980000)
 ParOldGen       total 157696K, used 24730K [0x00000000a0000000, 0x00000000a9a00000, 0x00000000e0000000)
  object space 157696K, 15% used [0x00000000a0000000,0x00000000a1826930,0x00000000a9a00000)
 Metaspace       used 57450K, capacity 58984K, committed 59028K, reserved 1099776K
  class space    used 7748K, capacity 8151K, committed 8192K, reserved 1048576K
Event: 19.306 GC heap after
Heap after GC invocations=11 (full 2):
 PSYoungGen      total 173568K, used 15927K [0x00000000e0000000, 0x00000000eef80000, 0x0000000100000000)
  eden space 154624K, 0% used [0x00000000e0000000,0x00000000e0000000,0x00000000e9700000)
  from space 18944K, 84% used [0x00000000e9700000,0x00000000ea68dde0,0x00000000ea980000)
  to   space 19968K, 0% used [0x00000000edc00000,0x00000000edc00000,0x00000000eef80000)
 ParOldGen       total 157696K, used 24738K [0x00000000a0000000, 0x00000000a9a00000, 0x00000000e0000000)
  object space 157696K, 15% used [0x00000000a0000000,0x00000000a1828930,0x00000000a9a00000)
 Metaspace       used 57450K, capacity 58984K, committed 59028K, reserved 1099776K
  class space    used 7748K, capacity 8151K, committed 8192K, reserved 1048576K
}
Event: 19.306 GC heap before
{Heap before GC invocations=12 (full 3):
 PSYoungGen      total 173568K, used 15927K [0x00000000e0000000, 0x00000000eef80000, 0x0000000100000000)
  eden space 154624K, 0% used [0x00000000e0000000,0x00000000e0000000,0x00000000e9700000)
  from space 18944K, 84% used [0x00000000e9700000,0x00000000ea68dde0,0x00000000ea980000)
  to   space 19968K, 0% used [0x00000000edc00000,0x00000000edc00000,0x00000000eef80000)
 ParOldGen       total 157696K, used 24738K [0x00000000a0000000, 0x00000000a9a00000, 0x00000000e0000000)
  object space 157696K, 15% used [0x00000000a0000000,0x00000000a1828930,0x00000000a9a00000)
 Metaspace       used 57450K, capacity 58984K, committed 59028K, reserved 1099776K
  class space    used 7748K, capacity 8151K, committed 8192K, reserved 1048576K
Event: 19.547 GC heap after
Heap after GC invocations=12 (full 3):
 PSYoungGen      total 173568K, used 0K [0x00000000e0000000, 0x00000000eef80000, 0x0000000100000000)
  eden space 154624K, 0% used [0x00000000e0000000,0x00000000e0000000,0x00000000e9700000)
  from space 18944K, 0% used [0x00000000e9700000,0x00000000e9700000,0x00000000ea980000)
  to   space 19968K, 0% used [0x00000000edc00000,0x00000000edc00000,0x00000000eef80000)
 ParOldGen       total 221184K, used 30537K [0x00000000a0000000, 0x00000000ad800000, 0x00000000e0000000)
  object space 221184K, 13% used [0x00000000a0000000,0x00000000a1dd2468,0x00000000ad800000)
 Metaspace       used 57450K, capacity 58984K, committed 59028K, reserved 1099776K
  class space    used 7748K, capacity 8151K, committed 8192K, reserved 1048576K
}

